<?xml version="1.0" encoding="UTF-8"?>
<!-- Generated by org.testng.reporters.JUnitReportReporter -->
<testsuite hostname="DESKTOP-PIOVR3S" failures="0" tests="3" name="Login.LoginPositiveTests" time="75.692" errors="0" timestamp="2023-09-26T17:27:37 EEST" skipped="0">
  <testcase classname="Login.LoginPositiveTests" name="testLoginSuccessStandardUser" time="48.273"/>
  <system-out/>
  <testcase classname="Login.LoginPositiveTests" name="testLoginSuccessStandardUser" time="16.352"/>
  <system-out/>
  <testcase classname="Login.LoginPositiveTests" name="testLoginSuccessStandardUser" time="11.067"/>
  <system-out/>
</testsuite> <!-- Login.LoginPositiveTests -->
